c:\users\bygrones\desktop\deüçde\deüçde\debug\vc120.pdb
c:\users\bygrones\desktop\deüçde\deüçde\debug\vc120.ıdb
c:\users\bygrones\desktop\deüçde\deüçde\debug\ade32.obj
c:\users\bygrones\desktop\deüçde\deüçde\debug\base.obj
c:\users\bygrones\desktop\deüçde\deüçde\debug\font.obj
c:\users\bygrones\desktop\deüçde\deüçde\debug\menu.obj
c:\users\bygrones\desktop\hack\deüçde\deüçde\debug\vc120.pdb
c:\users\bygrones\desktop\hack\deüçde\deüçde\debug\vc120.ıdb
c:\users\bygrones\desktop\hack\deüçde\deüçde\debug\ade32.obj
c:\users\bygrones\desktop\hack\deüçde\deüçde\debug\base.obj
c:\users\bygrones\desktop\hack\deüçde\deüçde\debug\font.obj
c:\users\bygrones\desktop\hack\deüçde\deüçde\debug\menu.obj
c:\users\bygrones\desktop\deüçde\debug\deüçde.ılk
c:\users\bygrones\desktop\deüçde\debug\deüçde.dll
c:\users\bygrones\desktop\deüçde\debug\deüçde.pdb
c:\users\bygrones\desktop\hack\deüçde\debug\deüçde.ılk
c:\users\bygrones\desktop\hack\deüçde\debug\deüçde.dll
c:\users\bygrones\desktop\hack\deüçde\debug\deüçde.pdb
c:\users\bygrones\desktop\hack\deüçde\deüçde\debug\vc120.idb
c:\users\bygrones\desktop\hack\deüçde\debug\deüçde.ilk
c:\users\bygrones\desktop\hack\deüçde\deüçde\debug\deüçde.tlog\cl.command.1.tlog
c:\users\bygrones\desktop\hack\deüçde\deüçde\debug\deüçde.tlog\cl.read.1.tlog
c:\users\bygrones\desktop\hack\deüçde\deüçde\debug\deüçde.tlog\cl.write.1.tlog
c:\users\bygrones\desktop\hack\deüçde\deüçde\debug\deüçde.tlog\link.command.1.tlog
c:\users\bygrones\desktop\hack\deüçde\deüçde\debug\deüçde.tlog\link.read.1.tlog
c:\users\bygrones\desktop\hack\deüçde\deüçde\debug\deüçde.tlog\link.write.1.tlog
